<?xml version="1.0" encoding="UTF-8"?>
<robot generator="Robot 4.1.3 (Python 3.10.2 on win32)" generated="20220126 19:36:10.641" rpa="false" schemaversion="2">
<suite id="s1" name="TestSiteFormulario" source="C:\Users\João Victor\Desktop\Projeto Stefanini\FormularioDeCadastro\tests\TestSiteFormulario.robot">
<test id="s1-t1" name="Cenário 01: Validar cadastro com os campos vazios e não exibição da tabela de usuários">
<kw name="Abrir navegador" library="Resource" type="SETUP">
<kw name="Open Browser" library="SeleniumLibrary">
<arg>${URL}</arg>
<arg>${BROWSER}</arg>
<doc>Opens a new browser instance to the optional ``url``.</doc>
<msg timestamp="20220126 19:36:10.843" level="INFO">Opening browser 'chrome' to base url 'http://prova.stefanini-jgr.com.br/teste/qa/'.</msg>
<status status="PASS" starttime="20220126 19:36:10.843" endtime="20220126 19:36:14.321"/>
</kw>
<status status="PASS" starttime="20220126 19:36:10.843" endtime="20220126 19:36:14.321"/>
</kw>
<kw name="Dado que estou na página inicial do site" library="Resource">
<kw name="Title Should Be" library="SeleniumLibrary">
<arg>${HEADER_HOME}</arg>
<doc>Verifies that the current page title equals ``title``.</doc>
<msg timestamp="20220126 19:36:14.328" level="INFO">Page title is 'Cadastro de usuários'.</msg>
<status status="PASS" starttime="20220126 19:36:14.322" endtime="20220126 19:36:14.328"/>
</kw>
<status status="PASS" starttime="20220126 19:36:14.321" endtime="20220126 19:36:14.328"/>
</kw>
<kw name="E não preenchi nenhum campo solicitado" library="Resource">
<kw name="Click Element" library="SeleniumLibrary">
<arg>${ID_NOME}</arg>
<doc>Click the element identified by ``locator``.</doc>
<msg timestamp="20220126 19:36:14.330" level="INFO">Clicking element 'id=name'.</msg>
<status status="PASS" starttime="20220126 19:36:14.330" endtime="20220126 19:36:14.378"/>
</kw>
<kw name="Click Element" library="SeleniumLibrary">
<arg>${ID_EMAIL}</arg>
<doc>Click the element identified by ``locator``.</doc>
<msg timestamp="20220126 19:36:14.379" level="INFO">Clicking element 'id=email'.</msg>
<status status="PASS" starttime="20220126 19:36:14.379" endtime="20220126 19:36:14.418"/>
</kw>
<kw name="Click Element" library="SeleniumLibrary">
<arg>${ID_SENHA}</arg>
<doc>Click the element identified by ``locator``.</doc>
<msg timestamp="20220126 19:36:14.419" level="INFO">Clicking element 'id=password'.</msg>
<status status="PASS" starttime="20220126 19:36:14.419" endtime="20220126 19:36:14.457"/>
</kw>
<status status="PASS" starttime="20220126 19:36:14.329" endtime="20220126 19:36:14.457"/>
</kw>
<kw name="Quando eu clicar no botão cadastrar" library="Resource">
<kw name="Click Element" library="SeleniumLibrary">
<arg>${BT_CADASTRAR}</arg>
<doc>Click the element identified by ``locator``.</doc>
<msg timestamp="20220126 19:36:14.458" level="INFO">Clicking element 'id=register'.</msg>
<status status="PASS" starttime="20220126 19:36:14.458" endtime="20220126 19:36:14.500"/>
</kw>
<status status="PASS" starttime="20220126 19:36:14.458" endtime="20220126 19:36:14.500"/>
</kw>
<kw name="Então a página deve exibir a mensagem &quot;O campo Nome é obrigatório.&quot;" library="Resource">
<kw name="Element Should Contain" library="SeleniumLibrary">
<arg>${CLASS_ERROR}</arg>
<arg>${TXT_NOMEOBG}</arg>
<doc>Verifies that element ``locator`` contains text ``expected``.</doc>
<msg timestamp="20220126 19:36:14.520" level="INFO">Element 'class=error' contains text 'O campo Nome é obrigatório.'.</msg>
<status status="PASS" starttime="20220126 19:36:14.501" endtime="20220126 19:36:14.520"/>
</kw>
<status status="PASS" starttime="20220126 19:36:14.500" endtime="20220126 19:36:14.521"/>
</kw>
<kw name="E a página deve exibir a mensagem &quot;O campo E-mail é obrigatório.&quot;" library="Resource">
<kw name="Wait Until Page Contains" library="SeleniumLibrary">
<arg>${TXT_EMAILOBG}</arg>
<doc>Waits until ``text`` appears on the current page.</doc>
<status status="PASS" starttime="20220126 19:36:14.521" endtime="20220126 19:36:14.531"/>
</kw>
<kw name="Page Should Contain" library="SeleniumLibrary">
<arg>${TXT_EMAILOBG}</arg>
<doc>Verifies that current page contains ``text``.</doc>
<msg timestamp="20220126 19:36:14.539" level="INFO">Current page contains text 'O campo E-mail é obrigatório.'.</msg>
<status status="PASS" starttime="20220126 19:36:14.531" endtime="20220126 19:36:14.539"/>
</kw>
<status status="PASS" starttime="20220126 19:36:14.521" endtime="20220126 19:36:14.539"/>
</kw>
<kw name="E a página deve exibir a mensagem &quot;O campo Senha é obrigatório.&quot;" library="Resource">
<kw name="Wait Until Page Contains" library="SeleniumLibrary">
<arg>${TXT_SENHAOBG}</arg>
<doc>Waits until ``text`` appears on the current page.</doc>
<status status="PASS" starttime="20220126 19:36:14.540" endtime="20220126 19:36:14.548"/>
</kw>
<kw name="Page Should Contain" library="SeleniumLibrary">
<arg>${TXT_SENHAOBG}</arg>
<doc>Verifies that current page contains ``text``.</doc>
<msg timestamp="20220126 19:36:14.556" level="INFO">Current page contains text 'O campo Senha é obrigatório.'.</msg>
<status status="PASS" starttime="20220126 19:36:14.549" endtime="20220126 19:36:14.556"/>
</kw>
<status status="PASS" starttime="20220126 19:36:14.540" endtime="20220126 19:36:14.557"/>
</kw>
<kw name="E a página não deve exibir a tabela de usuários" library="Resource">
<kw name="Page Should Not Contain" library="SeleniumLibrary">
<arg>${HEADER_TABLE}</arg>
<doc>Verifies the current page does not contain ``text``.</doc>
<msg timestamp="20220126 19:36:14.575" level="INFO">Current page does not contain text 'Usuários cadastrados'.</msg>
<status status="PASS" starttime="20220126 19:36:14.557" endtime="20220126 19:36:14.575"/>
</kw>
<status status="PASS" starttime="20220126 19:36:14.557" endtime="20220126 19:36:14.575"/>
</kw>
<kw name="Fechar navegador" library="Resource" type="TEARDOWN">
<kw name="Close Browser" library="SeleniumLibrary">
<doc>Closes the current browser.</doc>
<status status="PASS" starttime="20220126 19:36:14.576" endtime="20220126 19:36:16.679"/>
</kw>
<status status="PASS" starttime="20220126 19:36:14.576" endtime="20220126 19:36:16.679"/>
</kw>
<status status="PASS" starttime="20220126 19:36:10.842" endtime="20220126 19:36:16.680"/>
</test>
<test id="s1-t2" name="Cenário 02: Validar cadastro com o preenchimento apenas do primeiro nome">
<kw name="Abrir navegador" library="Resource" type="SETUP">
<kw name="Open Browser" library="SeleniumLibrary">
<arg>${URL}</arg>
<arg>${BROWSER}</arg>
<doc>Opens a new browser instance to the optional ``url``.</doc>
<msg timestamp="20220126 19:36:16.682" level="INFO">Opening browser 'chrome' to base url 'http://prova.stefanini-jgr.com.br/teste/qa/'.</msg>
<status status="PASS" starttime="20220126 19:36:16.682" endtime="20220126 19:36:20.089"/>
</kw>
<status status="PASS" starttime="20220126 19:36:16.681" endtime="20220126 19:36:20.089"/>
</kw>
<kw name="Dado que estou na página inicial do site" library="Resource">
<kw name="Title Should Be" library="SeleniumLibrary">
<arg>${HEADER_HOME}</arg>
<doc>Verifies that the current page title equals ``title``.</doc>
<msg timestamp="20220126 19:36:20.098" level="INFO">Page title is 'Cadastro de usuários'.</msg>
<status status="PASS" starttime="20220126 19:36:20.091" endtime="20220126 19:36:20.098"/>
</kw>
<status status="PASS" starttime="20220126 19:36:20.090" endtime="20220126 19:36:20.098"/>
</kw>
<kw name="E preenchi somente o primeiro nome" library="Resource">
<kw name="Input Text" library="SeleniumLibrary">
<arg>${ID_NOME}</arg>
<arg>João</arg>
<doc>Types the given ``text`` into the text field identified by ``locator``.</doc>
<msg timestamp="20220126 19:36:20.100" level="INFO">Typing text 'João' into text field 'id=name'.</msg>
<status status="PASS" starttime="20220126 19:36:20.099" endtime="20220126 19:36:20.186"/>
</kw>
<status status="PASS" starttime="20220126 19:36:20.099" endtime="20220126 19:36:20.186"/>
</kw>
<kw name="Quando eu clicar no botão cadastrar" library="Resource">
<kw name="Click Element" library="SeleniumLibrary">
<arg>${BT_CADASTRAR}</arg>
<doc>Click the element identified by ``locator``.</doc>
<msg timestamp="20220126 19:36:20.187" level="INFO">Clicking element 'id=register'.</msg>
<status status="PASS" starttime="20220126 19:36:20.187" endtime="20220126 19:36:20.233"/>
</kw>
<status status="PASS" starttime="20220126 19:36:20.186" endtime="20220126 19:36:20.233"/>
</kw>
<kw name="Então a página deve exibir a mensagem &quot;Por favor, insira um nome completo.&quot;" library="Resource">
<kw name="Element Should Contain" library="SeleniumLibrary">
<arg>${CLASS_ERROR}</arg>
<arg>${TXT_NOMECOMPLETO}</arg>
<doc>Verifies that element ``locator`` contains text ``expected``.</doc>
<msg timestamp="20220126 19:36:20.254" level="INFO">Element 'class=error' contains text 'Por favor, insira um nome completo.'.</msg>
<status status="PASS" starttime="20220126 19:36:20.234" endtime="20220126 19:36:20.255"/>
</kw>
<status status="PASS" starttime="20220126 19:36:20.234" endtime="20220126 19:36:20.255"/>
</kw>
<kw name="E a página deve exibir a mensagem &quot;O campo E-mail é obrigatório.&quot;" library="Resource">
<kw name="Wait Until Page Contains" library="SeleniumLibrary">
<arg>${TXT_EMAILOBG}</arg>
<doc>Waits until ``text`` appears on the current page.</doc>
<status status="PASS" starttime="20220126 19:36:20.255" endtime="20220126 19:36:20.265"/>
</kw>
<kw name="Page Should Contain" library="SeleniumLibrary">
<arg>${TXT_EMAILOBG}</arg>
<doc>Verifies that current page contains ``text``.</doc>
<msg timestamp="20220126 19:36:20.274" level="INFO">Current page contains text 'O campo E-mail é obrigatório.'.</msg>
<status status="PASS" starttime="20220126 19:36:20.265" endtime="20220126 19:36:20.274"/>
</kw>
<status status="PASS" starttime="20220126 19:36:20.255" endtime="20220126 19:36:20.274"/>
</kw>
<kw name="E a página deve exibir a mensagem &quot;O campo Senha é obrigatório.&quot;" library="Resource">
<kw name="Wait Until Page Contains" library="SeleniumLibrary">
<arg>${TXT_SENHAOBG}</arg>
<doc>Waits until ``text`` appears on the current page.</doc>
<status status="PASS" starttime="20220126 19:36:20.275" endtime="20220126 19:36:20.283"/>
</kw>
<kw name="Page Should Contain" library="SeleniumLibrary">
<arg>${TXT_SENHAOBG}</arg>
<doc>Verifies that current page contains ``text``.</doc>
<msg timestamp="20220126 19:36:20.291" level="INFO">Current page contains text 'O campo Senha é obrigatório.'.</msg>
<status status="PASS" starttime="20220126 19:36:20.283" endtime="20220126 19:36:20.291"/>
</kw>
<status status="PASS" starttime="20220126 19:36:20.274" endtime="20220126 19:36:20.291"/>
</kw>
<kw name="E a página não deve exibir a tabela de usuários" library="Resource">
<kw name="Page Should Not Contain" library="SeleniumLibrary">
<arg>${HEADER_TABLE}</arg>
<doc>Verifies the current page does not contain ``text``.</doc>
<msg timestamp="20220126 19:36:20.310" level="INFO">Current page does not contain text 'Usuários cadastrados'.</msg>
<status status="PASS" starttime="20220126 19:36:20.291" endtime="20220126 19:36:20.310"/>
</kw>
<status status="PASS" starttime="20220126 19:36:20.291" endtime="20220126 19:36:20.310"/>
</kw>
<kw name="Fechar navegador" library="Resource" type="TEARDOWN">
<kw name="Close Browser" library="SeleniumLibrary">
<doc>Closes the current browser.</doc>
<status status="PASS" starttime="20220126 19:36:20.312" endtime="20220126 19:36:22.396"/>
</kw>
<status status="PASS" starttime="20220126 19:36:20.311" endtime="20220126 19:36:22.396"/>
</kw>
<status status="PASS" starttime="20220126 19:36:16.681" endtime="20220126 19:36:22.397"/>
</test>
<test id="s1-t3" name="Cenário 03: Validar cadastro com o preenchimento de um e-mail inválido">
<kw name="Abrir navegador" library="Resource" type="SETUP">
<kw name="Open Browser" library="SeleniumLibrary">
<arg>${URL}</arg>
<arg>${BROWSER}</arg>
<doc>Opens a new browser instance to the optional ``url``.</doc>
<msg timestamp="20220126 19:36:22.399" level="INFO">Opening browser 'chrome' to base url 'http://prova.stefanini-jgr.com.br/teste/qa/'.</msg>
<status status="PASS" starttime="20220126 19:36:22.399" endtime="20220126 19:36:25.960"/>
</kw>
<status status="PASS" starttime="20220126 19:36:22.399" endtime="20220126 19:36:25.960"/>
</kw>
<kw name="Dado que estou na página inicial do site" library="Resource">
<kw name="Title Should Be" library="SeleniumLibrary">
<arg>${HEADER_HOME}</arg>
<doc>Verifies that the current page title equals ``title``.</doc>
<msg timestamp="20220126 19:36:25.975" level="INFO">Page title is 'Cadastro de usuários'.</msg>
<status status="PASS" starttime="20220126 19:36:25.964" endtime="20220126 19:36:25.976"/>
</kw>
<status status="PASS" starttime="20220126 19:36:25.963" endtime="20220126 19:36:25.976"/>
</kw>
<kw name="E preencho o campo e-mail com um e-mail inválido" library="Resource">
<kw name="Input Text" library="SeleniumLibrary">
<arg>${ID_EMAIL}</arg>
<arg>abc123</arg>
<doc>Types the given ``text`` into the text field identified by ``locator``.</doc>
<msg timestamp="20220126 19:36:25.976" level="INFO">Typing text 'abc123' into text field 'id=email'.</msg>
<status status="PASS" starttime="20220126 19:36:25.976" endtime="20220126 19:36:26.051"/>
</kw>
<status status="PASS" starttime="20220126 19:36:25.976" endtime="20220126 19:36:26.051"/>
</kw>
<kw name="Quando eu clicar no botão cadastrar" library="Resource">
<kw name="Click Element" library="SeleniumLibrary">
<arg>${BT_CADASTRAR}</arg>
<doc>Click the element identified by ``locator``.</doc>
<msg timestamp="20220126 19:36:26.052" level="INFO">Clicking element 'id=register'.</msg>
<status status="PASS" starttime="20220126 19:36:26.052" endtime="20220126 19:36:26.095"/>
</kw>
<status status="PASS" starttime="20220126 19:36:26.051" endtime="20220126 19:36:26.095"/>
</kw>
<kw name="Então a página deve exibir a mensagem &quot;Por favor, insira um e-mail válido.&quot;" library="Resource">
<kw name="Wait Until Page Contains" library="SeleniumLibrary">
<arg>${TXT_EMAILINVALIDO}</arg>
<doc>Waits until ``text`` appears on the current page.</doc>
<status status="PASS" starttime="20220126 19:36:26.096" endtime="20220126 19:36:26.106"/>
</kw>
<kw name="Page Should Contain" library="SeleniumLibrary">
<arg>${TXT_EMAILINVALIDO}</arg>
<doc>Verifies that current page contains ``text``.</doc>
<msg timestamp="20220126 19:36:26.114" level="INFO">Current page contains text 'Por favor, insira um e-mail válido.'.</msg>
<status status="PASS" starttime="20220126 19:36:26.106" endtime="20220126 19:36:26.114"/>
</kw>
<status status="PASS" starttime="20220126 19:36:26.096" endtime="20220126 19:36:26.114"/>
</kw>
<kw name="E a página não deve exibir a tabela de usuários" library="Resource">
<kw name="Page Should Not Contain" library="SeleniumLibrary">
<arg>${HEADER_TABLE}</arg>
<doc>Verifies the current page does not contain ``text``.</doc>
<msg timestamp="20220126 19:36:26.135" level="INFO">Current page does not contain text 'Usuários cadastrados'.</msg>
<status status="PASS" starttime="20220126 19:36:26.115" endtime="20220126 19:36:26.135"/>
</kw>
<status status="PASS" starttime="20220126 19:36:26.114" endtime="20220126 19:36:26.135"/>
</kw>
<kw name="Fechar navegador" library="Resource" type="TEARDOWN">
<kw name="Close Browser" library="SeleniumLibrary">
<doc>Closes the current browser.</doc>
<status status="PASS" starttime="20220126 19:36:26.136" endtime="20220126 19:36:28.222"/>
</kw>
<status status="PASS" starttime="20220126 19:36:26.136" endtime="20220126 19:36:28.223"/>
</kw>
<status status="PASS" starttime="20220126 19:36:22.398" endtime="20220126 19:36:28.223"/>
</test>
<test id="s1-t4" name="Cenário 04: Validar cadastro com o preenchimento de uma senha inválida">
<kw name="Abrir navegador" library="Resource" type="SETUP">
<kw name="Open Browser" library="SeleniumLibrary">
<arg>${URL}</arg>
<arg>${BROWSER}</arg>
<doc>Opens a new browser instance to the optional ``url``.</doc>
<msg timestamp="20220126 19:36:28.230" level="INFO">Opening browser 'chrome' to base url 'http://prova.stefanini-jgr.com.br/teste/qa/'.</msg>
<status status="PASS" starttime="20220126 19:36:28.229" endtime="20220126 19:36:31.917"/>
</kw>
<status status="PASS" starttime="20220126 19:36:28.229" endtime="20220126 19:36:31.918"/>
</kw>
<kw name="Dado que estou na página inicial do site" library="Resource">
<kw name="Title Should Be" library="SeleniumLibrary">
<arg>${HEADER_HOME}</arg>
<doc>Verifies that the current page title equals ``title``.</doc>
<msg timestamp="20220126 19:36:31.925" level="INFO">Page title is 'Cadastro de usuários'.</msg>
<status status="PASS" starttime="20220126 19:36:31.919" endtime="20220126 19:36:31.925"/>
</kw>
<status status="PASS" starttime="20220126 19:36:31.918" endtime="20220126 19:36:31.926"/>
</kw>
<kw name="E preencho o campo senha com uma senha inválida" library="Resource">
<kw name="Input Text" library="SeleniumLibrary">
<arg>${ID_SENHA}</arg>
<arg>abc1234</arg>
<doc>Types the given ``text`` into the text field identified by ``locator``.</doc>
<msg timestamp="20220126 19:36:31.928" level="INFO">Typing text 'abc1234' into text field 'id=password'.</msg>
<status status="PASS" starttime="20220126 19:36:31.927" endtime="20220126 19:36:32.008"/>
</kw>
<status status="PASS" starttime="20220126 19:36:31.926" endtime="20220126 19:36:32.008"/>
</kw>
<kw name="Quando eu clicar no botão cadastrar" library="Resource">
<kw name="Click Element" library="SeleniumLibrary">
<arg>${BT_CADASTRAR}</arg>
<doc>Click the element identified by ``locator``.</doc>
<msg timestamp="20220126 19:36:32.009" level="INFO">Clicking element 'id=register'.</msg>
<status status="PASS" starttime="20220126 19:36:32.009" endtime="20220126 19:36:32.054"/>
</kw>
<status status="PASS" starttime="20220126 19:36:32.008" endtime="20220126 19:36:32.054"/>
</kw>
<kw name="Então a página deve exibir a mensagem &quot;&quot;A senha deve conter ao menos 8 caracteres.&quot;" library="Resource">
<kw name="Wait Until Page Contains" library="SeleniumLibrary">
<arg>${TXT_SENHAINVALIDA}</arg>
<doc>Waits until ``text`` appears on the current page.</doc>
<status status="PASS" starttime="20220126 19:36:32.055" endtime="20220126 19:36:32.066"/>
</kw>
<kw name="Page Should Contain" library="SeleniumLibrary">
<arg>${TXT_SENHAINVALIDA}</arg>
<doc>Verifies that current page contains ``text``.</doc>
<msg timestamp="20220126 19:36:32.073" level="INFO">Current page contains text 'A senha deve conter ao menos 8 caracteres.'.</msg>
<status status="PASS" starttime="20220126 19:36:32.066" endtime="20220126 19:36:32.073"/>
</kw>
<status status="PASS" starttime="20220126 19:36:32.055" endtime="20220126 19:36:32.073"/>
</kw>
<kw name="E a página não deve exibir a tabela de usuários" library="Resource">
<kw name="Page Should Not Contain" library="SeleniumLibrary">
<arg>${HEADER_TABLE}</arg>
<doc>Verifies the current page does not contain ``text``.</doc>
<msg timestamp="20220126 19:36:32.096" level="INFO">Current page does not contain text 'Usuários cadastrados'.</msg>
<status status="PASS" starttime="20220126 19:36:32.074" endtime="20220126 19:36:32.096"/>
</kw>
<status status="PASS" starttime="20220126 19:36:32.073" endtime="20220126 19:36:32.096"/>
</kw>
<kw name="Fechar navegador" library="Resource" type="TEARDOWN">
<kw name="Close Browser" library="SeleniumLibrary">
<doc>Closes the current browser.</doc>
<status status="PASS" starttime="20220126 19:36:32.097" endtime="20220126 19:36:34.211"/>
</kw>
<status status="PASS" starttime="20220126 19:36:32.097" endtime="20220126 19:36:34.212"/>
</kw>
<status status="PASS" starttime="20220126 19:36:28.227" endtime="20220126 19:36:34.213"/>
</test>
<test id="s1-t5" name="Cenário 05: Realizar cadastro completo">
<kw name="Abrir navegador" library="Resource" type="SETUP">
<kw name="Open Browser" library="SeleniumLibrary">
<arg>${URL}</arg>
<arg>${BROWSER}</arg>
<doc>Opens a new browser instance to the optional ``url``.</doc>
<msg timestamp="20220126 19:36:34.217" level="INFO">Opening browser 'chrome' to base url 'http://prova.stefanini-jgr.com.br/teste/qa/'.</msg>
<status status="PASS" starttime="20220126 19:36:34.216" endtime="20220126 19:36:37.877"/>
</kw>
<status status="PASS" starttime="20220126 19:36:34.216" endtime="20220126 19:36:37.878"/>
</kw>
<kw name="Dado que estou na página inicial do site" library="Resource">
<kw name="Title Should Be" library="SeleniumLibrary">
<arg>${HEADER_HOME}</arg>
<doc>Verifies that the current page title equals ``title``.</doc>
<msg timestamp="20220126 19:36:37.886" level="INFO">Page title is 'Cadastro de usuários'.</msg>
<status status="PASS" starttime="20220126 19:36:37.879" endtime="20220126 19:36:37.886"/>
</kw>
<status status="PASS" starttime="20220126 19:36:37.878" endtime="20220126 19:36:37.886"/>
</kw>
<kw name="E preencho o campo nome, e-mail e senha com dados válidos" library="Resource">
<kw name="Input Text" library="SeleniumLibrary">
<arg>${ID_NOME}</arg>
<arg>João Victor</arg>
<doc>Types the given ``text`` into the text field identified by ``locator``.</doc>
<msg timestamp="20220126 19:36:37.888" level="INFO">Typing text 'João Victor' into text field 'id=name'.</msg>
<status status="PASS" starttime="20220126 19:36:37.887" endtime="20220126 19:36:37.970"/>
</kw>
<kw name="Input Text" library="SeleniumLibrary">
<arg>${ID_EMAIL}</arg>
<arg>j.tito27@gmail.com</arg>
<doc>Types the given ``text`` into the text field identified by ``locator``.</doc>
<msg timestamp="20220126 19:36:37.971" level="INFO">Typing text 'j.tito27@gmail.com' into text field 'id=email'.</msg>
<status status="PASS" starttime="20220126 19:36:37.971" endtime="20220126 19:36:38.043"/>
</kw>
<kw name="Input Text" library="SeleniumLibrary">
<arg>${ID_SENHA}</arg>
<arg>abc@1234</arg>
<doc>Types the given ``text`` into the text field identified by ``locator``.</doc>
<msg timestamp="20220126 19:36:38.043" level="INFO">Typing text 'abc@1234' into text field 'id=password'.</msg>
<status status="PASS" starttime="20220126 19:36:38.043" endtime="20220126 19:36:38.105"/>
</kw>
<status status="PASS" starttime="20220126 19:36:37.886" endtime="20220126 19:36:38.105"/>
</kw>
<kw name="Quando eu clicar no botão cadastrar" library="Resource">
<kw name="Click Element" library="SeleniumLibrary">
<arg>${BT_CADASTRAR}</arg>
<doc>Click the element identified by ``locator``.</doc>
<msg timestamp="20220126 19:36:38.106" level="INFO">Clicking element 'id=register'.</msg>
<status status="PASS" starttime="20220126 19:36:38.106" endtime="20220126 19:36:38.151"/>
</kw>
<status status="PASS" starttime="20220126 19:36:38.105" endtime="20220126 19:36:38.151"/>
</kw>
<kw name="Então a página deve exibir o formulário do usuário cadastrados" library="Resource">
<kw name="Page Should Contain" library="SeleniumLibrary">
<arg>${HEADER_TABLE}</arg>
<doc>Verifies that current page contains ``text``.</doc>
<msg timestamp="20220126 19:36:38.165" level="INFO">Current page contains text 'Usuários cadastrados'.</msg>
<status status="PASS" starttime="20220126 19:36:38.152" endtime="20220126 19:36:38.165"/>
</kw>
<kw name="Table Row Should Contain" library="SeleniumLibrary">
<arg>${ID_USER1}</arg>
<arg>1</arg>
<arg>João Victor</arg>
<doc>Verifies that table row contains text ``expected``.</doc>
<status status="PASS" starttime="20220126 19:36:38.165" endtime="20220126 19:36:38.199"/>
</kw>
<status status="PASS" starttime="20220126 19:36:38.152" endtime="20220126 19:36:38.199"/>
</kw>
<kw name="E a opção de excluir para cada um dos usuários cadastrados" library="Resource">
<kw name="Page Should Contain" library="SeleniumLibrary">
<arg>Excluir</arg>
<doc>Verifies that current page contains ``text``.</doc>
<msg timestamp="20220126 19:36:38.210" level="INFO">Current page contains text 'Excluir'.</msg>
<status status="PASS" starttime="20220126 19:36:38.200" endtime="20220126 19:36:38.210"/>
</kw>
<status status="PASS" starttime="20220126 19:36:38.200" endtime="20220126 19:36:38.210"/>
</kw>
<kw name="Fechar navegador" library="Resource" type="TEARDOWN">
<kw name="Close Browser" library="SeleniumLibrary">
<doc>Closes the current browser.</doc>
<status status="PASS" starttime="20220126 19:36:38.211" endtime="20220126 19:36:40.271"/>
</kw>
<status status="PASS" starttime="20220126 19:36:38.211" endtime="20220126 19:36:40.271"/>
</kw>
<status status="PASS" starttime="20220126 19:36:34.216" endtime="20220126 19:36:40.272"/>
</test>
<test id="s1-t6" name="Cenário 06: Acionar botão excluir">
<kw name="Abrir navegador" library="Resource" type="SETUP">
<kw name="Open Browser" library="SeleniumLibrary">
<arg>${URL}</arg>
<arg>${BROWSER}</arg>
<doc>Opens a new browser instance to the optional ``url``.</doc>
<msg timestamp="20220126 19:36:40.274" level="INFO">Opening browser 'chrome' to base url 'http://prova.stefanini-jgr.com.br/teste/qa/'.</msg>
<status status="PASS" starttime="20220126 19:36:40.274" endtime="20220126 19:36:44.071"/>
</kw>
<status status="PASS" starttime="20220126 19:36:40.273" endtime="20220126 19:36:44.072"/>
</kw>
<kw name="Dado que estou na página inicial do site" library="Resource">
<kw name="Title Should Be" library="SeleniumLibrary">
<arg>${HEADER_HOME}</arg>
<doc>Verifies that the current page title equals ``title``.</doc>
<msg timestamp="20220126 19:36:44.079" level="INFO">Page title is 'Cadastro de usuários'.</msg>
<status status="PASS" starttime="20220126 19:36:44.072" endtime="20220126 19:36:44.079"/>
</kw>
<status status="PASS" starttime="20220126 19:36:44.072" endtime="20220126 19:36:44.080"/>
</kw>
<kw name="E tenho várioas usuários cadastrados e exibidos na tabela Usuários cadastrados" library="Resource">
<kw name="Input Text" library="SeleniumLibrary">
<arg>${ID_NOME}</arg>
<arg>João Victor</arg>
<doc>Types the given ``text`` into the text field identified by ``locator``.</doc>
<msg timestamp="20220126 19:36:44.081" level="INFO">Typing text 'João Victor' into text field 'id=name'.</msg>
<status status="PASS" starttime="20220126 19:36:44.080" endtime="20220126 19:36:44.162"/>
</kw>
<kw name="Input Text" library="SeleniumLibrary">
<arg>${ID_EMAIL}</arg>
<arg>j.tito27@gmail.com</arg>
<doc>Types the given ``text`` into the text field identified by ``locator``.</doc>
<msg timestamp="20220126 19:36:44.162" level="INFO">Typing text 'j.tito27@gmail.com' into text field 'id=email'.</msg>
<status status="PASS" starttime="20220126 19:36:44.162" endtime="20220126 19:36:44.238"/>
</kw>
<kw name="Input Text" library="SeleniumLibrary">
<arg>${ID_SENHA}</arg>
<arg>abc@1234</arg>
<doc>Types the given ``text`` into the text field identified by ``locator``.</doc>
<msg timestamp="20220126 19:36:44.238" level="INFO">Typing text 'abc@1234' into text field 'id=password'.</msg>
<status status="PASS" starttime="20220126 19:36:44.238" endtime="20220126 19:36:44.303"/>
</kw>
<kw name="Click Element" library="SeleniumLibrary">
<arg>${BT_CADASTRAR}</arg>
<doc>Click the element identified by ``locator``.</doc>
<msg timestamp="20220126 19:36:44.304" level="INFO">Clicking element 'id=register'.</msg>
<status status="PASS" starttime="20220126 19:36:44.303" endtime="20220126 19:36:44.348"/>
</kw>
<kw name="Input Text" library="SeleniumLibrary">
<arg>${ID_NOME}</arg>
<arg>Luiz Felipe</arg>
<doc>Types the given ``text`` into the text field identified by ``locator``.</doc>
<msg timestamp="20220126 19:36:44.348" level="INFO">Typing text 'Luiz Felipe' into text field 'id=name'.</msg>
<status status="PASS" starttime="20220126 19:36:44.348" endtime="20220126 19:36:44.401"/>
</kw>
<kw name="Input Text" library="SeleniumLibrary">
<arg>${ID_EMAIL}</arg>
<arg>j.tito28@gmail.com</arg>
<doc>Types the given ``text`` into the text field identified by ``locator``.</doc>
<msg timestamp="20220126 19:36:44.402" level="INFO">Typing text 'j.tito28@gmail.com' into text field 'id=email'.</msg>
<status status="PASS" starttime="20220126 19:36:44.402" endtime="20220126 19:36:44.462"/>
</kw>
<kw name="Input Text" library="SeleniumLibrary">
<arg>${ID_SENHA}</arg>
<arg>abc@1234</arg>
<doc>Types the given ``text`` into the text field identified by ``locator``.</doc>
<msg timestamp="20220126 19:36:44.462" level="INFO">Typing text 'abc@1234' into text field 'id=password'.</msg>
<status status="PASS" starttime="20220126 19:36:44.462" endtime="20220126 19:36:44.513"/>
</kw>
<kw name="Click Element" library="SeleniumLibrary">
<arg>${BT_CADASTRAR}</arg>
<doc>Click the element identified by ``locator``.</doc>
<msg timestamp="20220126 19:36:44.514" level="INFO">Clicking element 'id=register'.</msg>
<status status="PASS" starttime="20220126 19:36:44.514" endtime="20220126 19:36:44.543"/>
</kw>
<kw name="Input Text" library="SeleniumLibrary">
<arg>${ID_NOME}</arg>
<arg>Stefanini QA</arg>
<doc>Types the given ``text`` into the text field identified by ``locator``.</doc>
<msg timestamp="20220126 19:36:44.543" level="INFO">Typing text 'Stefanini QA' into text field 'id=name'.</msg>
<status status="PASS" starttime="20220126 19:36:44.543" endtime="20220126 19:36:44.594"/>
</kw>
<kw name="Input Text" library="SeleniumLibrary">
<arg>${ID_EMAIL}</arg>
<arg>j.tito29@gmail.com</arg>
<doc>Types the given ``text`` into the text field identified by ``locator``.</doc>
<msg timestamp="20220126 19:36:44.594" level="INFO">Typing text 'j.tito29@gmail.com' into text field 'id=email'.</msg>
<status status="PASS" starttime="20220126 19:36:44.594" endtime="20220126 19:36:44.648"/>
</kw>
<kw name="Input Text" library="SeleniumLibrary">
<arg>${ID_SENHA}</arg>
<arg>abc@1234</arg>
<doc>Types the given ``text`` into the text field identified by ``locator``.</doc>
<msg timestamp="20220126 19:36:44.648" level="INFO">Typing text 'abc@1234' into text field 'id=password'.</msg>
<status status="PASS" starttime="20220126 19:36:44.648" endtime="20220126 19:36:44.694"/>
</kw>
<kw name="Click Element" library="SeleniumLibrary">
<arg>${BT_CADASTRAR}</arg>
<doc>Click the element identified by ``locator``.</doc>
<msg timestamp="20220126 19:36:44.694" level="INFO">Clicking element 'id=register'.</msg>
<status status="PASS" starttime="20220126 19:36:44.694" endtime="20220126 19:36:44.715"/>
</kw>
<kw name="Page Should Contain" library="SeleniumLibrary">
<arg>${HEADER_TABLE}</arg>
<doc>Verifies that current page contains ``text``.</doc>
<msg timestamp="20220126 19:36:44.726" level="INFO">Current page contains text 'Usuários cadastrados'.</msg>
<status status="PASS" starttime="20220126 19:36:44.716" endtime="20220126 19:36:44.727"/>
</kw>
<kw name="Table Row Should Contain" library="SeleniumLibrary">
<arg>${ID_USER1}</arg>
<arg>1</arg>
<arg>João Victor</arg>
<doc>Verifies that table row contains text ``expected``.</doc>
<status status="PASS" starttime="20220126 19:36:44.727" endtime="20220126 19:36:44.759"/>
</kw>
<kw name="Table Row Should Contain" library="SeleniumLibrary">
<arg>${ID_USER2}</arg>
<arg>2</arg>
<arg>Luiz Felipe</arg>
<doc>Verifies that table row contains text ``expected``.</doc>
<status status="PASS" starttime="20220126 19:36:44.759" endtime="20220126 19:36:44.792"/>
</kw>
<kw name="Table Row Should Contain" library="SeleniumLibrary">
<arg>${ID_USER3}</arg>
<arg>3</arg>
<arg>Stefanini QA</arg>
<doc>Verifies that table row contains text ``expected``.</doc>
<status status="PASS" starttime="20220126 19:36:44.792" endtime="20220126 19:36:44.822"/>
</kw>
<status status="PASS" starttime="20220126 19:36:44.080" endtime="20220126 19:36:44.823"/>
</kw>
<kw name="Quando eu clicar no botão excluir de um determinado usuário" library="Resource">
<kw name="Click Element" library="SeleniumLibrary">
<arg>${REMOVE_USER2}</arg>
<doc>Click the element identified by ``locator``.</doc>
<msg timestamp="20220126 19:36:44.824" level="INFO">Clicking element 'removeUser2'.</msg>
<status status="PASS" starttime="20220126 19:36:44.823" endtime="20220126 19:36:44.857"/>
</kw>
<status status="PASS" starttime="20220126 19:36:44.823" endtime="20220126 19:36:44.857"/>
</kw>
<kw name="Então a página deve excluir a linha em questão" library="Resource">
<kw name="Page Should Not Contain" library="SeleniumLibrary">
<arg>Luiz Felipe</arg>
<doc>Verifies the current page does not contain ``text``.</doc>
<msg timestamp="20220126 19:36:44.878" level="INFO">Current page does not contain text 'Luiz Felipe'.</msg>
<status status="PASS" starttime="20220126 19:36:44.859" endtime="20220126 19:36:44.878"/>
</kw>
<status status="PASS" starttime="20220126 19:36:44.858" endtime="20220126 19:36:44.878"/>
</kw>
<kw name="E exibir a tabela sem interferir nos ids dos demais itens e em sua ordenação." library="Resource">
<kw name="Page Should Contain" library="SeleniumLibrary">
<arg>${HEADER_TABLE}</arg>
<doc>Verifies that current page contains ``text``.</doc>
<msg timestamp="20220126 19:36:44.885" level="INFO">Current page contains text 'Usuários cadastrados'.</msg>
<status status="PASS" starttime="20220126 19:36:44.879" endtime="20220126 19:36:44.886"/>
</kw>
<kw name="Table Row Should Contain" library="SeleniumLibrary">
<arg>${ID_USER1}</arg>
<arg>1</arg>
<arg>João Victor</arg>
<doc>Verifies that table row contains text ``expected``.</doc>
<status status="PASS" starttime="20220126 19:36:44.886" endtime="20220126 19:36:44.908"/>
</kw>
<kw name="Table Row Should Contain" library="SeleniumLibrary">
<arg>${ID_USER3}</arg>
<arg>2</arg>
<arg>Stefanini QA</arg>
<doc>Verifies that table row contains text ``expected``.</doc>
<status status="PASS" starttime="20220126 19:36:44.908" endtime="20220126 19:36:44.934"/>
</kw>
<status status="PASS" starttime="20220126 19:36:44.878" endtime="20220126 19:36:44.934"/>
</kw>
<kw name="Fechar navegador" library="Resource" type="TEARDOWN">
<kw name="Close Browser" library="SeleniumLibrary">
<doc>Closes the current browser.</doc>
<status status="PASS" starttime="20220126 19:36:44.935" endtime="20220126 19:36:47.016"/>
</kw>
<status status="PASS" starttime="20220126 19:36:44.935" endtime="20220126 19:36:47.017"/>
</kw>
<status status="PASS" starttime="20220126 19:36:40.273" endtime="20220126 19:36:47.017"/>
</test>
<status status="PASS" starttime="20220126 19:36:10.642" endtime="20220126 19:36:47.023"/>
</suite>
<statistics>
<total>
<stat pass="6" fail="0" skip="0">All Tests</stat>
</total>
<tag>
</tag>
<suite>
<stat pass="6" fail="0" skip="0" id="s1" name="TestSiteFormulario">TestSiteFormulario</stat>
</suite>
</statistics>
<errors>
</errors>
</robot>
